<?xml version="1.0" encoding="UTF-8"?>
<!-- Generated by org.testng.reporters.JUnitReportReporter -->
<testsuite hostname="DESKTOP-LLKFOT9" failures="0" tests="1" name="Tests.Usersignintest" time="4.408" errors="0" timestamp="2021-04-22T14:04:33 PDT" skipped="0">
  <testcase classname="Tests.Usersignintest" name="usersigninsuccessfully" time="4.408"/>
  <system-out/>
</testsuite> <!-- Tests.Usersignintest -->
