<?xml version="1.0" encoding="UTF-8"?>
<!-- Generated by org.testng.reporters.JUnitReportReporter -->
<testsuite hostname="DESKTOP-LLKFOT9" failures="0" tests="1" name="Tests.Checkouttest" time="18.339" errors="0" timestamp="2021-04-22T14:06:43 PDT" skipped="0">
  <testcase classname="Tests.Checkouttest" name="chooseanyproduct" time="18.339"/>
  <system-out/>
</testsuite> <!-- Tests.Checkouttest -->
