<?xml version="1.0" encoding="UTF-8"?>
<!-- Generated by org.testng.reporters.JUnitReportReporter -->
<testsuite hostname="DESKTOP-LLKFOT9" failures="0" tests="1" name="Tests.Userregistrationtest" time="12.149" errors="0" timestamp="2021-04-22T14:02:32 PDT" skipped="0">
  <testcase classname="Tests.Userregistrationtest" name="userregister" time="12.149"/>
  <system-out/>
</testsuite> <!-- Tests.Userregistrationtest -->
